<?xml version="1.0" encoding="UTF-8"?>
<testsuite xmlns:xsi="http://www.w3.org/2001/XMLSchema-instance" xsi:noNamespaceSchemaLocation="https://maven.apache.org/surefire/maven-surefire-plugin/xsd/surefire-test-report.xsd" name="com.sellProject.AppTest" time="0.199" tests="1" errors="0" skipped="0" failures="0">
  <properties>
    <property name="sun.desktop" value="windows"/>
    <property name="awt.toolkit" value="sun.awt.windows.WToolkit"/>
    <property name="file.encoding.pkg" value="sun.io"/>
    <property name="java.specification.version" value="1.8"/>
    <property name="sun.cpu.isalist" value="amd64"/>
    <property name="sun.jnu.encoding" value="GBK"/>
    <property name="java.class.path" value="E:\idea_workspace\quickSell\target\test-classes;E:\idea_workspace\quickSell\target\classes;D:\Maven\LocalHouse\org\springframework\boot\spring-boot-starter-web\2.1.6.RELEASE\spring-boot-starter-web-2.1.6.RELEASE.jar;D:\Maven\LocalHouse\org\springframework\boot\spring-boot-starter\2.1.6.RELEASE\spring-boot-starter-2.1.6.RELEASE.jar;D:\Maven\LocalHouse\org\springframework\boot\spring-boot\2.1.6.RELEASE\spring-boot-2.1.6.RELEASE.jar;D:\Maven\LocalHouse\org\springframework\boot\spring-boot-autoconfigure\2.1.6.RELEASE\spring-boot-autoconfigure-2.1.6.RELEASE.jar;D:\Maven\LocalHouse\org\springframework\boot\spring-boot-starter-logging\2.1.6.RELEASE\spring-boot-starter-logging-2.1.6.RELEASE.jar;D:\Maven\LocalHouse\ch\qos\logback\logback-classic\1.2.3\logback-classic-1.2.3.jar;D:\Maven\LocalHouse\ch\qos\logback\logback-core\1.2.3\logback-core-1.2.3.jar;D:\Maven\LocalHouse\org\apache\logging\log4j\log4j-to-slf4j\2.11.2\log4j-to-slf4j-2.11.2.jar;D:\Maven\LocalHouse\org\apache\logging\log4j\log4j-api\2.11.2\log4j-api-2.11.2.jar;D:\Maven\LocalHouse\org\slf4j\jul-to-slf4j\1.7.26\jul-to-slf4j-1.7.26.jar;D:\Maven\LocalHouse\javax\annotation\javax.annotation-api\1.3.2\javax.annotation-api-1.3.2.jar;D:\Maven\LocalHouse\org\springframework\spring-core\5.1.8.RELEASE\spring-core-5.1.8.RELEASE.jar;D:\Maven\LocalHouse\org\yaml\snakeyaml\1.23\snakeyaml-1.23.jar;D:\Maven\LocalHouse\org\springframework\boot\spring-boot-starter-json\2.1.6.RELEASE\spring-boot-starter-json-2.1.6.RELEASE.jar;D:\Maven\LocalHouse\com\fasterxml\jackson\core\jackson-databind\2.9.9\jackson-databind-2.9.9.jar;D:\Maven\LocalHouse\com\fasterxml\jackson\core\jackson-annotations\2.9.0\jackson-annotations-2.9.0.jar;D:\Maven\LocalHouse\com\fasterxml\jackson\core\jackson-core\2.9.9\jackson-core-2.9.9.jar;D:\Maven\LocalHouse\com\fasterxml\jackson\datatype\jackson-datatype-jdk8\2.9.9\jackson-datatype-jdk8-2.9.9.jar;D:\Maven\LocalHouse\com\fasterxml\jackson\datatype\jackson-datatype-jsr310\2.9.9\jackson-datatype-jsr310-2.9.9.jar;D:\Maven\LocalHouse\com\fasterxml\jackson\module\jackson-module-parameter-names\2.9.9\jackson-module-parameter-names-2.9.9.jar;D:\Maven\LocalHouse\org\springframework\boot\spring-boot-starter-tomcat\2.1.6.RELEASE\spring-boot-starter-tomcat-2.1.6.RELEASE.jar;D:\Maven\LocalHouse\org\apache\tomcat\embed\tomcat-embed-core\9.0.21\tomcat-embed-core-9.0.21.jar;D:\Maven\LocalHouse\org\apache\tomcat\embed\tomcat-embed-el\9.0.21\tomcat-embed-el-9.0.21.jar;D:\Maven\LocalHouse\org\apache\tomcat\embed\tomcat-embed-websocket\9.0.21\tomcat-embed-websocket-9.0.21.jar;D:\Maven\LocalHouse\org\springframework\spring-web\5.1.8.RELEASE\spring-web-5.1.8.RELEASE.jar;D:\Maven\LocalHouse\org\springframework\spring-beans\5.1.8.RELEASE\spring-beans-5.1.8.RELEASE.jar;D:\Maven\LocalHouse\org\springframework\spring-webmvc\5.1.8.RELEASE\spring-webmvc-5.1.8.RELEASE.jar;D:\Maven\LocalHouse\org\springframework\spring-aop\5.1.8.RELEASE\spring-aop-5.1.8.RELEASE.jar;D:\Maven\LocalHouse\org\springframework\spring-context\5.1.8.RELEASE\spring-context-5.1.8.RELEASE.jar;D:\Maven\LocalHouse\org\springframework\spring-expression\5.1.8.RELEASE\spring-expression-5.1.8.RELEASE.jar;D:\Maven\LocalHouse\mysql\mysql-connector-java\5.1.41\mysql-connector-java-5.1.41.jar;D:\Maven\LocalHouse\com\alibaba\druid\1.1.3\druid-1.1.3.jar;C:\Program Files\Java\jdk1.8.0_202\jre\..\lib\jconsole.jar;C:\Program Files\Java\jdk1.8.0_202\jre\..\lib\tools.jar;D:\Maven\LocalHouse\org\mybatis\spring\boot\mybatis-spring-boot-starter\1.3.2\mybatis-spring-boot-starter-1.3.2.jar;D:\Maven\LocalHouse\org\springframework\boot\spring-boot-starter-jdbc\2.1.6.RELEASE\spring-boot-starter-jdbc-2.1.6.RELEASE.jar;D:\Maven\LocalHouse\com\zaxxer\HikariCP\3.2.0\HikariCP-3.2.0.jar;D:\Maven\LocalHouse\org\springframework\spring-jdbc\5.1.8.RELEASE\spring-jdbc-5.1.8.RELEASE.jar;D:\Maven\LocalHouse\org\mybatis\spring\boot\mybatis-spring-boot-autoconfigure\1.3.2\mybatis-spring-boot-autoconfigure-1.3.2.jar;D:\Maven\LocalHouse\org\mybatis\mybatis\3.4.6\mybatis-3.4.6.jar;D:\Maven\LocalHouse\org\mybatis\mybatis-spring\1.3.2\mybatis-spring-1.3.2.jar;D:\Maven\LocalHouse\org\springframework\boot\spring-boot-starter-data-redis\2.1.6.RELEASE\spring-boot-starter-data-redis-2.1.6.RELEASE.jar;D:\Maven\LocalHouse\org\springframework\data\spring-data-redis\2.1.9.RELEASE\spring-data-redis-2.1.9.RELEASE.jar;D:\Maven\LocalHouse\org\springframework\data\spring-data-keyvalue\2.1.9.RELEASE\spring-data-keyvalue-2.1.9.RELEASE.jar;D:\Maven\LocalHouse\org\springframework\data\spring-data-commons\2.1.9.RELEASE\spring-data-commons-2.1.9.RELEASE.jar;D:\Maven\LocalHouse\org\springframework\spring-tx\5.1.8.RELEASE\spring-tx-5.1.8.RELEASE.jar;D:\Maven\LocalHouse\org\springframework\spring-oxm\5.1.8.RELEASE\spring-oxm-5.1.8.RELEASE.jar;D:\Maven\LocalHouse\org\springframework\spring-context-support\5.1.8.RELEASE\spring-context-support-5.1.8.RELEASE.jar;D:\Maven\LocalHouse\org\slf4j\slf4j-api\1.7.26\slf4j-api-1.7.26.jar;D:\Maven\LocalHouse\io\lettuce\lettuce-core\5.1.7.RELEASE\lettuce-core-5.1.7.RELEASE.jar;D:\Maven\LocalHouse\io\netty\netty-common\4.1.36.Final\netty-common-4.1.36.Final.jar;D:\Maven\LocalHouse\io\netty\netty-handler\4.1.36.Final\netty-handler-4.1.36.Final.jar;D:\Maven\LocalHouse\io\netty\netty-buffer\4.1.36.Final\netty-buffer-4.1.36.Final.jar;D:\Maven\LocalHouse\io\netty\netty-codec\4.1.36.Final\netty-codec-4.1.36.Final.jar;D:\Maven\LocalHouse\io\netty\netty-transport\4.1.36.Final\netty-transport-4.1.36.Final.jar;D:\Maven\LocalHouse\io\netty\netty-resolver\4.1.36.Final\netty-resolver-4.1.36.Final.jar;D:\Maven\LocalHouse\io\projectreactor\reactor-core\3.2.10.RELEASE\reactor-core-3.2.10.RELEASE.jar;D:\Maven\LocalHouse\org\reactivestreams\reactive-streams\1.0.2\reactive-streams-1.0.2.jar;D:\Maven\LocalHouse\org\springframework\session\spring-session-data-redis\2.1.6.RELEASE\spring-session-data-redis-2.1.6.RELEASE.jar;D:\Maven\LocalHouse\org\springframework\session\spring-session-core\2.1.7.RELEASE\spring-session-core-2.1.7.RELEASE.jar;D:\Maven\LocalHouse\org\springframework\spring-jcl\5.1.8.RELEASE\spring-jcl-5.1.8.RELEASE.jar;D:\Maven\LocalHouse\org\apache\commons\commons-lang3\3.7\commons-lang3-3.7.jar;D:\Maven\LocalHouse\org\hibernate\validator\hibernate-validator\6.0.13.Final\hibernate-validator-6.0.13.Final.jar;D:\Maven\LocalHouse\javax\validation\validation-api\2.0.1.Final\validation-api-2.0.1.Final.jar;D:\Maven\LocalHouse\org\jboss\logging\jboss-logging\3.3.2.Final\jboss-logging-3.3.2.Final.jar;D:\Maven\LocalHouse\com\fasterxml\classmate\1.4.0\classmate-1.4.0.jar;D:\Maven\LocalHouse\joda-time\joda-time\2.9.1\joda-time-2.9.1.jar;D:\Maven\LocalHouse\junit\junit\4.11\junit-4.11.jar;D:\Maven\LocalHouse\org\hamcrest\hamcrest-core\1.3\hamcrest-core-1.3.jar;D:\Maven\LocalHouse\com\google\guava\guava\18.0\guava-18.0.jar;D:\Maven\LocalHouse\org\apache\rocketmq\rocketmq-client\4.3.2\rocketmq-client-4.3.2.jar;D:\Maven\LocalHouse\org\apache\rocketmq\rocketmq-common\4.3.2\rocketmq-common-4.3.2.jar;D:\Maven\LocalHouse\org\apache\rocketmq\rocketmq-remoting\4.3.2\rocketmq-remoting-4.3.2.jar;D:\Maven\LocalHouse\com\alibaba\fastjson\1.2.51\fastjson-1.2.51.jar;D:\Maven\LocalHouse\io\netty\netty-all\4.1.36.Final\netty-all-4.1.36.Final.jar;D:\Maven\LocalHouse\org\apache\rocketmq\rocketmq-logging\4.3.2\rocketmq-logging-4.3.2.jar;D:\Maven\LocalHouse\io\netty\netty-tcnative-boringssl-static\2.0.25.Final\netty-tcnative-boringssl-static-2.0.25.Final.jar;"/>
    <property name="java.vm.vendor" value="Oracle Corporation"/>
    <property name="sun.arch.data.model" value="64"/>
    <property name="user.variant" value=""/>
    <property name="java.vendor.url" value="http://java.oracle.com/"/>
    <property name="user.timezone" value="Asia/Shanghai"/>
    <property name="java.vm.specification.version" value="1.8"/>
    <property name="os.name" value="Windows 10"/>
    <property name="user.country" value="CN"/>
    <property name="sun.java.launcher" value="SUN_STANDARD"/>
    <property name="sun.boot.library.path" value="C:\Program Files\Java\jdk1.8.0_202\jre\bin"/>
    <property name="sun.java.command" value="C:\Users\ADMINI~1\AppData\Local\Temp\surefire5126058163492370186\surefirebooter3347026729573908944.jar C:\Users\Administrator\AppData\Local\Temp\surefire5126058163492370186 2019-11-14T00-35-07_260-jvmRun1 surefire1821300435184497189tmp surefire_06740768558101629549tmp"/>
    <property name="surefire.test.class.path" value="E:\idea_workspace\quickSell\target\test-classes;E:\idea_workspace\quickSell\target\classes;D:\Maven\LocalHouse\org\springframework\boot\spring-boot-starter-web\2.1.6.RELEASE\spring-boot-starter-web-2.1.6.RELEASE.jar;D:\Maven\LocalHouse\org\springframework\boot\spring-boot-starter\2.1.6.RELEASE\spring-boot-starter-2.1.6.RELEASE.jar;D:\Maven\LocalHouse\org\springframework\boot\spring-boot\2.1.6.RELEASE\spring-boot-2.1.6.RELEASE.jar;D:\Maven\LocalHouse\org\springframework\boot\spring-boot-autoconfigure\2.1.6.RELEASE\spring-boot-autoconfigure-2.1.6.RELEASE.jar;D:\Maven\LocalHouse\org\springframework\boot\spring-boot-starter-logging\2.1.6.RELEASE\spring-boot-starter-logging-2.1.6.RELEASE.jar;D:\Maven\LocalHouse\ch\qos\logback\logback-classic\1.2.3\logback-classic-1.2.3.jar;D:\Maven\LocalHouse\ch\qos\logback\logback-core\1.2.3\logback-core-1.2.3.jar;D:\Maven\LocalHouse\org\apache\logging\log4j\log4j-to-slf4j\2.11.2\log4j-to-slf4j-2.11.2.jar;D:\Maven\LocalHouse\org\apache\logging\log4j\log4j-api\2.11.2\log4j-api-2.11.2.jar;D:\Maven\LocalHouse\org\slf4j\jul-to-slf4j\1.7.26\jul-to-slf4j-1.7.26.jar;D:\Maven\LocalHouse\javax\annotation\javax.annotation-api\1.3.2\javax.annotation-api-1.3.2.jar;D:\Maven\LocalHouse\org\springframework\spring-core\5.1.8.RELEASE\spring-core-5.1.8.RELEASE.jar;D:\Maven\LocalHouse\org\yaml\snakeyaml\1.23\snakeyaml-1.23.jar;D:\Maven\LocalHouse\org\springframework\boot\spring-boot-starter-json\2.1.6.RELEASE\spring-boot-starter-json-2.1.6.RELEASE.jar;D:\Maven\LocalHouse\com\fasterxml\jackson\core\jackson-databind\2.9.9\jackson-databind-2.9.9.jar;D:\Maven\LocalHouse\com\fasterxml\jackson\core\jackson-annotations\2.9.0\jackson-annotations-2.9.0.jar;D:\Maven\LocalHouse\com\fasterxml\jackson\core\jackson-core\2.9.9\jackson-core-2.9.9.jar;D:\Maven\LocalHouse\com\fasterxml\jackson\datatype\jackson-datatype-jdk8\2.9.9\jackson-datatype-jdk8-2.9.9.jar;D:\Maven\LocalHouse\com\fasterxml\jackson\datatype\jackson-datatype-jsr310\2.9.9\jackson-datatype-jsr310-2.9.9.jar;D:\Maven\LocalHouse\com\fasterxml\jackson\module\jackson-module-parameter-names\2.9.9\jackson-module-parameter-names-2.9.9.jar;D:\Maven\LocalHouse\org\springframework\boot\spring-boot-starter-tomcat\2.1.6.RELEASE\spring-boot-starter-tomcat-2.1.6.RELEASE.jar;D:\Maven\LocalHouse\org\apache\tomcat\embed\tomcat-embed-core\9.0.21\tomcat-embed-core-9.0.21.jar;D:\Maven\LocalHouse\org\apache\tomcat\embed\tomcat-embed-el\9.0.21\tomcat-embed-el-9.0.21.jar;D:\Maven\LocalHouse\org\apache\tomcat\embed\tomcat-embed-websocket\9.0.21\tomcat-embed-websocket-9.0.21.jar;D:\Maven\LocalHouse\org\springframework\spring-web\5.1.8.RELEASE\spring-web-5.1.8.RELEASE.jar;D:\Maven\LocalHouse\org\springframework\spring-beans\5.1.8.RELEASE\spring-beans-5.1.8.RELEASE.jar;D:\Maven\LocalHouse\org\springframework\spring-webmvc\5.1.8.RELEASE\spring-webmvc-5.1.8.RELEASE.jar;D:\Maven\LocalHouse\org\springframework\spring-aop\5.1.8.RELEASE\spring-aop-5.1.8.RELEASE.jar;D:\Maven\LocalHouse\org\springframework\spring-context\5.1.8.RELEASE\spring-context-5.1.8.RELEASE.jar;D:\Maven\LocalHouse\org\springframework\spring-expression\5.1.8.RELEASE\spring-expression-5.1.8.RELEASE.jar;D:\Maven\LocalHouse\mysql\mysql-connector-java\5.1.41\mysql-connector-java-5.1.41.jar;D:\Maven\LocalHouse\com\alibaba\druid\1.1.3\druid-1.1.3.jar;C:\Program Files\Java\jdk1.8.0_202\jre\..\lib\jconsole.jar;C:\Program Files\Java\jdk1.8.0_202\jre\..\lib\tools.jar;D:\Maven\LocalHouse\org\mybatis\spring\boot\mybatis-spring-boot-starter\1.3.2\mybatis-spring-boot-starter-1.3.2.jar;D:\Maven\LocalHouse\org\springframework\boot\spring-boot-starter-jdbc\2.1.6.RELEASE\spring-boot-starter-jdbc-2.1.6.RELEASE.jar;D:\Maven\LocalHouse\com\zaxxer\HikariCP\3.2.0\HikariCP-3.2.0.jar;D:\Maven\LocalHouse\org\springframework\spring-jdbc\5.1.8.RELEASE\spring-jdbc-5.1.8.RELEASE.jar;D:\Maven\LocalHouse\org\mybatis\spring\boot\mybatis-spring-boot-autoconfigure\1.3.2\mybatis-spring-boot-autoconfigure-1.3.2.jar;D:\Maven\LocalHouse\org\mybatis\mybatis\3.4.6\mybatis-3.4.6.jar;D:\Maven\LocalHouse\org\mybatis\mybatis-spring\1.3.2\mybatis-spring-1.3.2.jar;D:\Maven\LocalHouse\org\springframework\boot\spring-boot-starter-data-redis\2.1.6.RELEASE\spring-boot-starter-data-redis-2.1.6.RELEASE.jar;D:\Maven\LocalHouse\org\springframework\data\spring-data-redis\2.1.9.RELEASE\spring-data-redis-2.1.9.RELEASE.jar;D:\Maven\LocalHouse\org\springframework\data\spring-data-keyvalue\2.1.9.RELEASE\spring-data-keyvalue-2.1.9.RELEASE.jar;D:\Maven\LocalHouse\org\springframework\data\spring-data-commons\2.1.9.RELEASE\spring-data-commons-2.1.9.RELEASE.jar;D:\Maven\LocalHouse\org\springframework\spring-tx\5.1.8.RELEASE\spring-tx-5.1.8.RELEASE.jar;D:\Maven\LocalHouse\org\springframework\spring-oxm\5.1.8.RELEASE\spring-oxm-5.1.8.RELEASE.jar;D:\Maven\LocalHouse\org\springframework\spring-context-support\5.1.8.RELEASE\spring-context-support-5.1.8.RELEASE.jar;D:\Maven\LocalHouse\org\slf4j\slf4j-api\1.7.26\slf4j-api-1.7.26.jar;D:\Maven\LocalHouse\io\lettuce\lettuce-core\5.1.7.RELEASE\lettuce-core-5.1.7.RELEASE.jar;D:\Maven\LocalHouse\io\netty\netty-common\4.1.36.Final\netty-common-4.1.36.Final.jar;D:\Maven\LocalHouse\io\netty\netty-handler\4.1.36.Final\netty-handler-4.1.36.Final.jar;D:\Maven\LocalHouse\io\netty\netty-buffer\4.1.36.Final\netty-buffer-4.1.36.Final.jar;D:\Maven\LocalHouse\io\netty\netty-codec\4.1.36.Final\netty-codec-4.1.36.Final.jar;D:\Maven\LocalHouse\io\netty\netty-transport\4.1.36.Final\netty-transport-4.1.36.Final.jar;D:\Maven\LocalHouse\io\netty\netty-resolver\4.1.36.Final\netty-resolver-4.1.36.Final.jar;D:\Maven\LocalHouse\io\projectreactor\reactor-core\3.2.10.RELEASE\reactor-core-3.2.10.RELEASE.jar;D:\Maven\LocalHouse\org\reactivestreams\reactive-streams\1.0.2\reactive-streams-1.0.2.jar;D:\Maven\LocalHouse\org\springframework\session\spring-session-data-redis\2.1.6.RELEASE\spring-session-data-redis-2.1.6.RELEASE.jar;D:\Maven\LocalHouse\org\springframework\session\spring-session-core\2.1.7.RELEASE\spring-session-core-2.1.7.RELEASE.jar;D:\Maven\LocalHouse\org\springframework\spring-jcl\5.1.8.RELEASE\spring-jcl-5.1.8.RELEASE.jar;D:\Maven\LocalHouse\org\apache\commons\commons-lang3\3.7\commons-lang3-3.7.jar;D:\Maven\LocalHouse\org\hibernate\validator\hibernate-validator\6.0.13.Final\hibernate-validator-6.0.13.Final.jar;D:\Maven\LocalHouse\javax\validation\validation-api\2.0.1.Final\validation-api-2.0.1.Final.jar;D:\Maven\LocalHouse\org\jboss\logging\jboss-logging\3.3.2.Final\jboss-logging-3.3.2.Final.jar;D:\Maven\LocalHouse\com\fasterxml\classmate\1.4.0\classmate-1.4.0.jar;D:\Maven\LocalHouse\joda-time\joda-time\2.9.1\joda-time-2.9.1.jar;D:\Maven\LocalHouse\junit\junit\4.11\junit-4.11.jar;D:\Maven\LocalHouse\org\hamcrest\hamcrest-core\1.3\hamcrest-core-1.3.jar;D:\Maven\LocalHouse\com\google\guava\guava\18.0\guava-18.0.jar;D:\Maven\LocalHouse\org\apache\rocketmq\rocketmq-client\4.3.2\rocketmq-client-4.3.2.jar;D:\Maven\LocalHouse\org\apache\rocketmq\rocketmq-common\4.3.2\rocketmq-common-4.3.2.jar;D:\Maven\LocalHouse\org\apache\rocketmq\rocketmq-remoting\4.3.2\rocketmq-remoting-4.3.2.jar;D:\Maven\LocalHouse\com\alibaba\fastjson\1.2.51\fastjson-1.2.51.jar;D:\Maven\LocalHouse\io\netty\netty-all\4.1.36.Final\netty-all-4.1.36.Final.jar;D:\Maven\LocalHouse\org\apache\rocketmq\rocketmq-logging\4.3.2\rocketmq-logging-4.3.2.jar;D:\Maven\LocalHouse\io\netty\netty-tcnative-boringssl-static\2.0.25.Final\netty-tcnative-boringssl-static-2.0.25.Final.jar;"/>
    <property name="sun.cpu.endian" value="little"/>
    <property name="user.home" value="C:\Users\Administrator"/>
    <property name="user.language" value="zh"/>
    <property name="java.specification.vendor" value="Oracle Corporation"/>
    <property name="java.home" value="C:\Program Files\Java\jdk1.8.0_202\jre"/>
    <property name="basedir" value="E:\idea_workspace\quickSell"/>
    <property name="file.separator" value="\"/>
    <property name="line.separator" value="&#10;"/>
    <property name="java.vm.specification.vendor" value="Oracle Corporation"/>
    <property name="java.specification.name" value="Java Platform API Specification"/>
    <property name="java.awt.graphicsenv" value="sun.awt.Win32GraphicsEnvironment"/>
    <property name="surefire.real.class.path" value="C:\Users\ADMINI~1\AppData\Local\Temp\surefire5126058163492370186\surefirebooter3347026729573908944.jar"/>
    <property name="sun.boot.class.path" value="C:\Program Files\Java\jdk1.8.0_202\jre\lib\resources.jar;C:\Program Files\Java\jdk1.8.0_202\jre\lib\rt.jar;C:\Program Files\Java\jdk1.8.0_202\jre\lib\sunrsasign.jar;C:\Program Files\Java\jdk1.8.0_202\jre\lib\jsse.jar;C:\Program Files\Java\jdk1.8.0_202\jre\lib\jce.jar;C:\Program Files\Java\jdk1.8.0_202\jre\lib\charsets.jar;C:\Program Files\Java\jdk1.8.0_202\jre\lib\jfr.jar;C:\Program Files\Java\jdk1.8.0_202\jre\classes"/>
    <property name="user.script" value=""/>
    <property name="sun.management.compiler" value="HotSpot 64-Bit Tiered Compilers"/>
    <property name="java.runtime.version" value="1.8.0_202-b08"/>
    <property name="user.name" value="WHVO"/>
    <property name="path.separator" value=";"/>
    <property name="os.version" value="10.0"/>
    <property name="java.endorsed.dirs" value="C:\Program Files\Java\jdk1.8.0_202\jre\lib\endorsed"/>
    <property name="java.runtime.name" value="Java(TM) SE Runtime Environment"/>
    <property name="file.encoding" value="GBK"/>
    <property name="java.vm.name" value="Java HotSpot(TM) 64-Bit Server VM"/>
    <property name="localRepository" value="D:\Maven\LocalHouse"/>
    <property name="java.vendor.url.bug" value="http://bugreport.sun.com/bugreport/"/>
    <property name="java.io.tmpdir" value="C:\Users\ADMINI~1\AppData\Local\Temp\"/>
    <property name="idea.version" value="2018.1.5"/>
    <property name="java.version" value="1.8.0_202"/>
    <property name="user.dir" value="E:\idea_workspace\quickSell"/>
    <property name="os.arch" value="amd64"/>
    <property name="java.vm.specification.name" value="Java Virtual Machine Specification"/>
    <property name="java.awt.printerjob" value="sun.awt.windows.WPrinterJob"/>
    <property name="sun.os.patch.level" value=""/>
    <property name="java.library.path" value="C:\Program Files\Java\jdk1.8.0_202\jre\bin;C:\Windows\Sun\Java\bin;C:\Windows\system32;C:\Windows;C:\Windows\system32;C:\Windows;C:\Windows\System32\Wbem;C:\Windows\System32\WindowsPowerShell\v1.0\;C:\Windows\System32\OpenSSH\;C:\Program Files (x86)\Java\jre1.8.0_73\bin;C:\Program Files\Java\jdk1.8.0_202\bin;D:\Maven\apache-maven-3.6.1\bin;D:\mysql-5.7.25-winx64\bin;D:\Tomcat\apache-tomcat-8.5.37\bin;D:\Tomcat\apache-tomcat-8.5.37\lib;C:\Users\Administrator\AppData\Local\Microsoft\WindowsApps;;."/>
    <property name="java.vm.info" value="mixed mode"/>
    <property name="java.vendor" value="Oracle Corporation"/>
    <property name="java.vm.version" value="25.202-b08"/>
    <property name="java.ext.dirs" value="C:\Program Files\Java\jdk1.8.0_202\jre\lib\ext;C:\Windows\Sun\Java\lib\ext"/>
    <property name="sun.io.unicode.encoding" value="UnicodeLittle"/>
    <property name="maven.repo.local" value="D:\Maven\LocalHouse"/>
    <property name="java.class.version" value="52.0"/>
  </properties>
  <testcase name="shouldAnswerWithTrue" classname="com.sellProject.AppTest" time="0.006"/>
</testsuite>